<?xml version="1.0" encoding="UTF-8"?>
<!-- Generated by org.testng.reporters.JUnitXMLReporter -->
<testsuite ignored="0" hostname="s-MacBook-Air" failures="0" tests="3" name="Default test" time="174.042" errors="0" timestamp="2020-06-25T00:33:50 AEST">
  <testcase classname="testCase.ContactUsFormTest" name="fillInContactUsFormTest" time="27.199"/>
  <testcase classname="testCase.ContactUsFormTest" name="fillInContactUsFormTestForDataFormatValidation" time="5.855"/>
  <testcase classname="testCase.ContactUsFormTest" name="fillInContactUsFormTestForMissingRequiredField" time="4.915"/>
</testsuite> <!-- Default test -->
