<?xml version="1.0" encoding="UTF-8"?>
<!-- Generated by org.testng.reporters.JUnitXMLReporter -->
<testsuite ignored="0" hostname="s-MacBook-Air" failures="0" tests="3" name="Default test" time="152.055" errors="0" timestamp="2020-06-24T21:35:10 AEST">
  <testcase classname="testCase.ContactUsFormTest" name="fillInContactUsFormTest" time="35.838"/>
  <testcase classname="testCase.ContactUsFormTest" name="fillInContactUsFormTestForDataFormatValidation" time="6.002"/>
  <testcase classname="testCase.ContactUsFormTest" name="fillInContactUsFormTestForMissingRequiredField" time="5.271"/>
</testsuite> <!-- Default test -->
