<?xml version="1.0" encoding="UTF-8"?>
<testng-results ignored="0" total="1" passed="1" failed="0" skipped="0">
  <reporter-output>
  </reporter-output>
  <suite started-at="2020-06-24T15:17:27 AEST" name="Default suite" finished-at="2020-06-24T15:20:02 AEST" duration-ms="154975">
    <groups>
    </groups>
    <test started-at="2020-06-24T15:17:27 AEST" name="Default test" finished-at="2020-06-24T15:20:02 AEST" duration-ms="154975">
      <class name="testCase.ContactUsFormTest">
        <test-method is-config="true" signature="loadHomePage()[pri:0, instance:testCase.ContactUsFormTest@f2f2cc1]" started-at="2020-06-24T15:17:27 AEST" name="loadHomePage" finished-at="2020-06-24T15:19:23 AEST" duration-ms="115674" status="PASS">
          <reporter-output>
          </reporter-output>
        </test-method> <!-- loadHomePage -->
        <test-method signature="fillInContactUsFormTest()[pri:0, instance:testCase.ContactUsFormTest@f2f2cc1]" started-at="2020-06-24T15:19:23 AEST" name="fillInContactUsFormTest" finished-at="2020-06-24T15:20:01 AEST" duration-ms="38694" status="PASS">
          <reporter-output>
          </reporter-output>
        </test-method> <!-- fillInContactUsFormTest -->
        <test-method is-config="true" signature="tearDownTest()[pri:0, instance:testCase.ContactUsFormTest@f2f2cc1]" started-at="2020-06-24T15:20:01 AEST" name="tearDownTest" finished-at="2020-06-24T15:20:02 AEST" duration-ms="539" status="PASS">
          <reporter-output>
          </reporter-output>
        </test-method> <!-- tearDownTest -->
      </class> <!-- testCase.ContactUsFormTest -->
    </test> <!-- Default test -->
  </suite> <!-- Default suite -->
</testng-results>
